<?xml version="1.0" encoding="UTF-8"?>
<!-- Generated by org.testng.reporters.JUnitXMLReporter -->
<testsuite ignored="0" hostname="EC2AMAZ-D9GMPCC" failures="0" tests="3" name="Default test" time="13.234" errors="0" timestamp="21 Apr 2021 04:44:25 GMT">
  <testcase classname="org.sample.projectjava.SurfWebSites" name="surfSites" time="0.876"/>
  <testcase classname="org.sample.projectjava.SurfWebSites" name="surfSites" time="4.946"/>
  <testcase classname="org.sample.projectjava.SurfWebSites" name="surfSites" time="3.377"/>
</testsuite> <!-- Default test -->
