<?xml version="1.0" encoding="UTF-8"?>
<!-- Generated by org.testng.reporters.JUnitXMLReporter -->
<testsuite ignored="0" hostname="EC2AMAZ-D9GMPCC" failures="0" tests="3" name="Default test" time="11.828" errors="0" timestamp="23 Apr 2021 04:45:48 GMT">
  <testcase classname="org.sample.projectjava.SurfWebSitesTest" name="surfSites" time="1.138"/>
  <testcase classname="org.sample.projectjava.SurfWebSitesTest" name="surfSites" time="2.489"/>
  <testcase classname="org.sample.projectjava.SurfWebSitesTest" name="surfSites" time="0.525"/>
</testsuite> <!-- Default test -->
