<?xml version="1.0" encoding="UTF-8"?>
<!-- Generated by org.testng.reporters.JUnitXMLReporter -->
<testsuite hostname="EC2AMAZ-D9GMPCC" ignored="0" name="Test" tests="3" failures="0" timestamp="29 Apr 2021 04:21:21 GMT" time="61.439" errors="0">
  <testcase name="surfSites" time="8.275" classname="org.sample.projectjava.SurfWebSitesTest"/>
  <testcase name="surfSites" time="4.442" classname="org.sample.projectjava.SurfWebSitesTest"/>
  <testcase name="surfSites" time="10.995" classname="org.sample.projectjava.SurfWebSitesTest"/>
</testsuite> <!-- Test -->
