<?xml version="1.0" encoding="UTF-8"?>
<!-- Generated by org.testng.reporters.JUnitXMLReporter -->
<testsuite hostname="EC2AMAZ-D9GMPCC" ignored="0" name="Test" tests="3" failures="0" timestamp="21 Apr 2021 07:13:25 GMT" time="10.125" errors="0">
  <testcase name="surfSites" time="0.816" classname="org.sample.projectjava.SurfWebSitesTest"/>
  <testcase name="surfSites" time="5.335" classname="org.sample.projectjava.SurfWebSitesTest"/>
  <testcase name="surfSites" time="0.863" classname="org.sample.projectjava.SurfWebSitesTest"/>
</testsuite> <!-- Test -->
