<?xml version="1.0" encoding="UTF-8"?>
<testng-results ignored="0" total="3" passed="3" failed="0" skipped="0">
  <reporter-output>
  </reporter-output>
  <suite started-at="2021-04-29T05:40:10Z" name="Default suite" finished-at="2021-04-29T05:40:21Z" duration-ms="11256">
    <groups>
    </groups>
    <test started-at="2021-04-29T05:40:10Z" name="Default test" finished-at="2021-04-29T05:40:21Z" duration-ms="11256">
      <class name="org.sample.projectjava.SurfWebSitesTest">
        <test-method is-config="true" signature="setupDriver()[pri:0, instance:org.sample.projectjava.SurfWebSitesTest@5be49b60]" started-at="2021-04-29T05:40:10Z" name="setupDriver" finished-at="2021-04-29T05:40:13Z" duration-ms="2319" status="PASS">
          <reporter-output>
          </reporter-output>
        </test-method> <!-- setupDriver -->
        <test-method signature="surfSites(java.lang.String)[pri:0, instance:org.sample.projectjava.SurfWebSitesTest@5be49b60]" started-at="2021-04-29T05:40:13Z" name="surfSites" data-provider="getSiteURLs" finished-at="2021-04-29T05:40:14Z" duration-ms="906" status="PASS">
          <params>
            <param index="0">
              <value>
                <![CDATA[https://www.google.com/]]>
              </value>
            </param>
          </params>
          <reporter-output>
          </reporter-output>
        </test-method> <!-- surfSites -->
        <test-method signature="surfSites(java.lang.String)[pri:0, instance:org.sample.projectjava.SurfWebSitesTest@5be49b60]" started-at="2021-04-29T05:40:14Z" name="surfSites" data-provider="getSiteURLs" finished-at="2021-04-29T05:40:20Z" duration-ms="5281" status="PASS">
          <params>
            <param index="0">
              <value>
                <![CDATA[https://the-internet.herokuapp.com/]]>
              </value>
            </param>
          </params>
          <reporter-output>
          </reporter-output>
        </test-method> <!-- surfSites -->
        <test-method signature="surfSites(java.lang.String)[pri:0, instance:org.sample.projectjava.SurfWebSitesTest@5be49b60]" started-at="2021-04-29T05:40:20Z" name="surfSites" data-provider="getSiteURLs" finished-at="2021-04-29T05:40:21Z" duration-ms="1095" status="PASS">
          <params>
            <param index="0">
              <value>
                <![CDATA[https://www.wikipedia.org/]]>
              </value>
            </param>
          </params>
          <reporter-output>
          </reporter-output>
        </test-method> <!-- surfSites -->
        <test-method is-config="true" signature="tearDown()[pri:0, instance:org.sample.projectjava.SurfWebSitesTest@5be49b60]" started-at="2021-04-29T05:40:21Z" name="tearDown" finished-at="2021-04-29T05:40:21Z" duration-ms="695" status="PASS">
          <reporter-output>
          </reporter-output>
        </test-method> <!-- tearDown -->
      </class> <!-- org.sample.projectjava.SurfWebSitesTest -->
    </test> <!-- Default test -->
  </suite> <!-- Default suite -->
</testng-results>
